<?xml version="1.0" encoding="UTF-8"?>
<!-- Generated by org.testng.reporters.JUnitReportReporter -->
<testsuite skipped="0" hostname="Computer" name="com.dhl.openemrtest.LoginTest" tests="1" failures="0" timestamp="2020-11-20T11:26:02 IST" time="27.393" errors="0">
  <testcase name="invalidCredentialTest" time="27.393" classname="com.dhl.openemrtest.LoginTest"/>
  <system-out/>
</testsuite> <!-- com.dhl.openemrtest.LoginTest -->
