<?xml version="1.0" encoding="UTF-8"?>
<!-- Generated by org.testng.reporters.JUnitReportReporter -->
<testsuite skipped="0" hostname="Computer" name="com.dhl.openemrtest.DemoTest" tests="3" failures="0" timestamp="2020-11-19T13:37:53 IST" time="0.010" errors="0">
  <testcase name="validTest" time="0.007" classname="com.dhl.openemrtest.DemoTest"/>
  <system-out/>
  <testcase name="validTest" time="0.001" classname="com.dhl.openemrtest.DemoTest"/>
  <system-out/>
  <testcase name="validTest" time="0.002" classname="com.dhl.openemrtest.DemoTest"/>
  <system-out/>
</testsuite> <!-- com.dhl.openemrtest.DemoTest -->
