<?xml version="1.0" encoding="UTF-8"?>
<!-- Generated by org.testng.reporters.JUnitReportReporter -->
<testsuite skipped="0" hostname="Computer" name="com.dhl.openemrtest.LoginTest" tests="5" failures="0" timestamp="2020-11-20T08:45:57 IST" time="58.951" errors="0">
  <testcase name="invalidCredentialTest" time="11.817" classname="com.dhl.openemrtest.LoginTest"/>
  <system-out/>
  <testcase name="invalidCredentialTest" time="12.848" classname="com.dhl.openemrtest.LoginTest"/>
  <system-out/>
  <testcase name="invalidCredentialTest" time="12.529" classname="com.dhl.openemrtest.LoginTest"/>
  <system-out/>
  <testcase name="invalidCredentialTest" time="11.193" classname="com.dhl.openemrtest.LoginTest"/>
  <system-out/>
  <testcase name="invalidCredentialTest" time="10.564" classname="com.dhl.openemrtest.LoginTest"/>
  <system-out/>
</testsuite> <!-- com.dhl.openemrtest.LoginTest -->
