<?xml version="1.0" encoding="UTF-8"?>
<!-- Generated by org.testng.reporters.JUnitReportReporter -->
<testsuite skipped="0" hostname="Computer" name="com.dhl.openemrtest.AddPatientTest" tests="2" failures="0" timestamp="2020-11-20T09:12:22 IST" time="64.111" errors="0">
  <testcase name="createPatientTest" time="23.843" classname="com.dhl.openemrtest.AddPatientTest"/>
  <system-out/>
  <testcase name="createPatientTest" time="40.268" classname="com.dhl.openemrtest.AddPatientTest"/>
  <system-out/>
</testsuite> <!-- com.dhl.openemrtest.AddPatientTest -->
